# Generated by the VisualDSP++ IDDE (Wed Dec 10 13:44:33 2014)
# Project File: C:\Users\Dentaku\Dropbox\LabProg\LAB DSP\Video Input-Output (C)\Core A\CoreA.dpj

"C:\Program Files (x86)\Analog Devices\VisualDSP 5.1.2\ccblkfn.exe" -c .\ADV7179_reset.c -file-attr ProjectName=CoreA -O -Ov100 -g -structs-do-not-overlap -no-multiline -double-size-32 -decls-strong -warn-protos -mem -si-revision 0.5 -proc ADSP-BF561 -o .\Debug\ADV7179_reset.doj -MM
"C:\Program Files (x86)\Analog Devices\VisualDSP 5.1.2\ccblkfn.exe" -c .\ADV7183_reset.c -file-attr ProjectName=CoreA -O -Ov100 -g -structs-do-not-overlap -no-multiline -double-size-32 -decls-strong -warn-protos -mem -si-revision 0.5 -proc ADSP-BF561 -o .\Debug\ADV7183_reset.doj -MM
"C:\Program Files (x86)\Analog Devices\VisualDSP 5.1.2\ccblkfn.exe" -c ..\Init_SDRAM.c -file-attr ProjectName=CoreA -O -Ov100 -g -structs-do-not-overlap -no-multiline -double-size-32 -decls-strong -warn-protos -mem -si-revision 0.5 -proc ADSP-BF561 -o .\Debug\Init_SDRAM.doj -MM
"C:\Program Files (x86)\Analog Devices\VisualDSP 5.1.2\ccblkfn.exe" -c .\Interrupt_Init.c -file-attr ProjectName=CoreA -O -Ov100 -g -structs-do-not-overlap -no-multiline -double-size-32 -decls-strong -warn-protos -mem -si-revision 0.5 -proc ADSP-BF561 -o .\Debug\Interrupt_Init.doj -MM
"C:\Program Files (x86)\Analog Devices\VisualDSP 5.1.2\ccblkfn.exe" -c .\Interrupt_Service.c -file-attr ProjectName=CoreA -O -Ov100 -g -structs-do-not-overlap -no-multiline -double-size-32 -decls-strong -warn-protos -mem -si-revision 0.5 -proc ADSP-BF561 -o .\Debug\Interrupt_Service.doj -MM
"C:\Program Files (x86)\Analog Devices\VisualDSP 5.1.2\ccblkfn.exe" -c .\main.c -file-attr ProjectName=CoreA -O -Ov100 -g -structs-do-not-overlap -no-multiline -double-size-32 -decls-strong -warn-protos -mem -si-revision 0.5 -proc ADSP-BF561 -o .\Debug\main.doj -MM
".\main.c", line 106: cc1080: {D} warning: Function does not have a full
          prototype
  process();
  ^

"C:\Program Files (x86)\Analog Devices\VisualDSP 5.1.2\ccblkfn.exe" -c .\PPI0_Init.c -file-attr ProjectName=CoreA -O -Ov100 -g -structs-do-not-overlap -no-multiline -double-size-32 -decls-strong -warn-protos -mem -si-revision 0.5 -proc ADSP-BF561 -o .\Debug\PPI0_Init.doj -MM
"C:\Program Files (x86)\Analog Devices\VisualDSP 5.1.2\ccblkfn.exe" -c ..\set_PLL.c -file-attr ProjectName=CoreA -O -Ov100 -g -structs-do-not-overlap -no-multiline -double-size-32 -decls-strong -warn-protos -mem -si-revision 0.5 -proc ADSP-BF561 -o .\Debug\set_PLL.doj -MM
"C:\Program Files (x86)\Analog Devices\VisualDSP 5.1.2\ccblkfn.exe" -c .\video.c -file-attr ProjectName=CoreA -O -Ov100 -g -structs-do-not-overlap -no-multiline -double-size-32 -decls-strong -warn-protos -mem -si-revision 0.5 -proc ADSP-BF561 -o .\Debug\video.doj -MM
".\video.c", line 2: cc0014: {D} warning: extra text after expected end of
          preprocessing directive
  #include "video.h";
                    ^

"C:\Program Files (x86)\Analog Devices\VisualDSP 5.1.2\ccblkfn.exe" -proc ADSP-BF561 -build-lib -o ..\CoreA.dlb .\Debug\ADV7179_reset.doj .\Debug\ADV7183_reset.doj .\Debug\Init_SDRAM.doj .\Debug\Interrupt_Init.doj .\Debug\Interrupt_Service.doj .\Debug\main.doj .\Debug\PPI0_Init.doj .\Debug\set_PLL.doj .\Debug\video.doj -MM
